e:\universidad\teoria_de_juegos\papu-framework\papuengine\debug\vc140.pdb
e:\universidad\teoria_de_juegos\papu-framework\papuengine\debug\vc140.idb
e:\universidad\teoria_de_juegos\papu-framework\papuengine\debug\camera2d.obj
e:\universidad\teoria_de_juegos\papu-framework\papuengine\debug\error.obj
e:\universidad\teoria_de_juegos\papu-framework\papuengine\debug\gls_program.obj
e:\universidad\teoria_de_juegos\papu-framework\papuengine\debug\imageloader.obj
e:\universidad\teoria_de_juegos\papu-framework\papuengine\debug\inputmanager.obj
e:\universidad\teoria_de_juegos\papu-framework\papuengine\debug\iomanager.obj
e:\universidad\teoria_de_juegos\papu-framework\papuengine\debug\main.obj
e:\universidad\teoria_de_juegos\papu-framework\papuengine\debug\maingame.obj
e:\universidad\teoria_de_juegos\papu-framework\papuengine\debug\papuengine.obj
e:\universidad\teoria_de_juegos\papu-framework\papuengine\debug\picopng.obj
e:\universidad\teoria_de_juegos\papu-framework\papuengine\debug\resourcemanager.obj
e:\universidad\teoria_de_juegos\papu-framework\papuengine\debug\sprite.obj
e:\universidad\teoria_de_juegos\papu-framework\papuengine\debug\sritebatch.obj
e:\universidad\teoria_de_juegos\papu-framework\papuengine\debug\texturecache.obj
e:\universidad\teoria_de_juegos\papu-framework\papuengine\debug\window.obj
e:\universidad\teoria_de_juegos\papu-framework\debug\papuengine.ilk
e:\universidad\teoria_de_juegos\papu-framework\debug\papuengine.exe
e:\universidad\teoria_de_juegos\papu-framework\debug\papuengine.pdb
e:\universidad\teoria_de_juegos\papu-framework\papuengine\debug\maingame.obj.enc
e:\universidad\teoria_de_juegos\papu-framework\papuengine\debug\papuengine.tlog\cl.command.1.tlog
e:\universidad\teoria_de_juegos\papu-framework\papuengine\debug\papuengine.tlog\cl.read.1.tlog
e:\universidad\teoria_de_juegos\papu-framework\papuengine\debug\papuengine.tlog\cl.write.1.tlog
e:\universidad\teoria_de_juegos\papu-framework\papuengine\debug\papuengine.tlog\link.command.1.tlog
e:\universidad\teoria_de_juegos\papu-framework\papuengine\debug\papuengine.tlog\link.read.1.tlog
e:\universidad\teoria_de_juegos\papu-framework\papuengine\debug\papuengine.tlog\link.write.1.tlog
